<?xml version="1.0" encoding="UTF-8"?>
<!-- Generated by org.testng.reporters.JUnitReportReporter -->
<testsuite hostname="IN-FRJK1N3" failures="0" tests="1" name="frameworkEbay.frameworkEbayTest.TestCases.testCase_validateItemsToCart" time="18.081" errors="0" timestamp="2024-11-14T01:13:30 IST" skipped="0">
  <testcase classname="frameworkEbay.frameworkEbayTest.TestCases.testCase_validateItemsToCart" name="TestitemsToCart" time="18.081"/>
</testsuite> <!-- frameworkEbay.frameworkEbayTest.TestCases.testCase_validateItemsToCart -->
